[info] [2019-08-08T12:28:49.866Z] [eventRefId:1565267329866] message:{info log}
[info] [2019-08-08T12:33:36.587Z] [eventRefId:1565267616587] message:{info log}
[info] [2019-08-09T06:22:43.135Z] [eventRefId:1565331763135] message:{info log}
[info] [2019-08-09T06:25:18.570Z] [eventRefId:1565331918570] message:{info log}
[info] [2019-08-09T06:28:22.573Z] [eventRefId:1565332102573] message:{info log}
[info] [2019-08-09T06:28:43.136Z] [eventRefId:1565332123137] message:{info log}
[info] [2019-08-09T06:43:01.008Z] [eventRefId:1565332981009] message:{info log}
[info] [2019-08-09T06:43:18.880Z] [eventRefId:1565332998881] message:{info log}
[info] [2019-08-09T06:43:39.821Z] [eventRefId:1565333019821] message:{info log}
[error] [2019-08-09T06:43:39.828Z] [eventRefId:1565333019828] message:{error log}
[info] [2019-08-09T06:44:06.822Z] [eventRefId:1565333046822] message:{info log}
[error] [2019-08-09T06:44:06.830Z] [eventRefId:1565333046830] message:{error log}
[info] [2019-08-09T06:44:29.923Z] [eventRefId:1565333069923] message:{info log}
[error] [2019-08-09T06:44:29.930Z] [eventRefId:1565333069930] message:{error log}
[info] [2019-08-09T06:44:47.921Z] [eventRefId:1565333087921] message:{info log}
[error] [2019-08-09T06:44:47.928Z] [eventRefId:1565333087928] message:{error log}
[info] [2019-08-09T06:48:30.514Z] [eventRefId:1565333310514] [label undefined]message:{info log}
[error] [2019-08-09T06:48:30.521Z] [eventRefId:1565333310521] [label undefined]message:{error log}
[info] [2019-08-09T06:51:31.515Z]  [label undefined]message:{info log}
[error] [2019-08-09T06:51:31.523Z]  [label undefined]message:{error log}
[info] [2019-08-09T06:51:48.033Z] [eventRefId:1565333508033] [label undefined]message:{info log}
[error] [2019-08-09T06:51:48.041Z] [eventRefId:1565333508041] [label undefined]message:{error log}
[info] [2019-08-09T06:52:27.565Z] [eventRefId:log_1565333547565] [label undefined]message:{info log}
[error] [2019-08-09T06:52:27.572Z] [eventRefId:log_1565333547572] [label undefined]message:{error log}
[info] [2019-08-09T07:13:04.802Z] [eventRefId:log-1565334784802] [label undefined]message:{info log}
[error] [2019-08-09T07:13:04.809Z] [eventRefId:log-1565334784809] [label undefined]message:{error log}
[info] [2019-08-09T07:13:24.100Z] [eventRefId:log-1565334804100] message:{info log}
[error] [2019-08-09T07:13:24.107Z] [eventRefId:log-1565334804107] message:{error log}
[info] [2019-08-09T07:13:57.944Z] [eventRefId:log-1565334837944] message:{info logmsg desc}
[error] [2019-08-09T07:13:57.951Z] [eventRefId:log-1565334837951] message:{error log}
[info] [2019-08-09T07:15:07.222Z] [eventRefId:log-1565334907222] message:{info log}, messageDesc :"msg desc"
[error] [2019-08-09T07:15:07.229Z] [eventRefId:log-1565334907229] message:{error log}
